d:\anul_i\programs\oop\lab11_gui\lab11_gui\x64\debug\norven_tower.obj
d:\anul_i\programs\oop\lab11_gui\lab11_gui\x64\debug\qrc_lab11_gui.obj
d:\anul_i\programs\oop\lab11_gui\lab11_gui\x64\debug\encyclopedia.obj
d:\anul_i\programs\oop\lab11_gui\lab11_gui\x64\debug\fakerepository.obj
d:\anul_i\programs\oop\lab11_gui\lab11_gui\x64\debug\main.obj
d:\anul_i\programs\oop\lab11_gui\lab11_gui\x64\debug\repository.obj
d:\anul_i\programs\oop\lab11_gui\lab11_gui\x64\debug\validator.obj
d:\anul_i\programs\oop\lab11_gui\lab11_gui\x64\debug\controler.obj
d:\anul_i\programs\oop\lab11_gui\lab11_gui\x64\debug\fakevalidator.obj
d:\anul_i\programs\oop\lab11_gui\lab11_gui\x64\debug\moc_lab11_gui.obj
d:\anul_i\programs\oop\lab11_gui\lab11_gui\x64\debug\exception.obj
d:\anul_i\programs\oop\lab11_gui\lab11_gui\x64\debug\lab11_gui.obj
d:\anul_i\programs\oop\lab11_gui\lab11_gui\x64\debug\file_encyclopedia.obj
d:\anul_i\programs\oop\lab11_gui\lab11_gui\x64\debug\vc141.pdb
d:\anul_i\programs\oop\lab11_gui\lab11_gui\x64\debug\gui.obj
d:\anul_i\programs\oop\lab11_gui\lab11_gui\generatedfiles\ui_lab11_gui.h
d:\anul_i\programs\oop\lab11_gui\lab11_gui\generatedfiles\qrc_lab11_gui.cpp
d:\anul_i\programs\oop\lab11_gui\lab11_gui\generatedfiles\debug\moc_lab11_gui.cpp
d:\anul_i\programs\oop\lab11_gui\x64\debug\lab11_gui.exe
d:\anul_i\programs\oop\lab11_gui\x64\debug\lab11_gui.ilk
d:\anul_i\programs\oop\lab11_gui\x64\debug\lab11_gui.pdb
d:\anul_i\programs\oop\lab11_gui\lab11_gui\.\generatedfiles\debug\moc_lab11_gui.cpp
d:\anul_i\programs\oop\lab11_gui\lab11_gui\.\generatedfiles\qrc_lab11_gui.cpp
d:\anul_i\programs\oop\lab11_gui\lab11_gui\.\generatedfiles\ui_lab11_gui.h
d:\anul_i\programs\oop\lab11_gui\lab11_gui\x64\debug\lab11_gui.tlog\cl.command.1.tlog
d:\anul_i\programs\oop\lab11_gui\lab11_gui\x64\debug\lab11_gui.tlog\cl.read.1.tlog
d:\anul_i\programs\oop\lab11_gui\lab11_gui\x64\debug\lab11_gui.tlog\cl.write.1.tlog
d:\anul_i\programs\oop\lab11_gui\lab11_gui\x64\debug\lab11_gui.tlog\lab11_gui.write.1u.tlog
d:\anul_i\programs\oop\lab11_gui\lab11_gui\x64\debug\lab11_gui.tlog\link.command.1.tlog
d:\anul_i\programs\oop\lab11_gui\lab11_gui\x64\debug\lab11_gui.tlog\link.read.1.tlog
d:\anul_i\programs\oop\lab11_gui\lab11_gui\x64\debug\lab11_gui.tlog\link.write.1.tlog
d:\anul_i\programs\oop\lab11_gui\lab11_gui\x64\debug\lab11_gui.tlog\moc.read.1u.tlog
d:\anul_i\programs\oop\lab11_gui\lab11_gui\x64\debug\lab11_gui.tlog\moc.write.1u.tlog
d:\anul_i\programs\oop\lab11_gui\lab11_gui\x64\debug\lab11_gui.tlog\rcc.read.1u.tlog
d:\anul_i\programs\oop\lab11_gui\lab11_gui\x64\debug\lab11_gui.tlog\rcc.write.1u.tlog
d:\anul_i\programs\oop\lab11_gui\lab11_gui\x64\debug\lab11_gui.tlog\uic.read.1u.tlog
d:\anul_i\programs\oop\lab11_gui\lab11_gui\x64\debug\lab11_gui.tlog\uic.write.1u.tlog
